2025-07-05 17:40:51 update scripts
2025-11-25 05:39:45 add example file
2025-03-18 00:22:10 patch vulnerability
2025-07-23 13:08:05 update docs with examples
2025-09-10 12:02:04 fix crash issue
2025-01-08 06:30:57 improve logging format
2025-01-19 23:54:28 small refactor
2025-03-29 03:54:12 temporary fix
2025-05-18 09:31:14 update roadmap
2025-09-25 10:27:56 typo fix
2025-02-11 20:40:17 improve logging format
2025-08-21 03:14:05 update schema migration
2025-09-10 06:31:03 add comments
2025-06-09 10:02:29 improve caching
2025-05-02 15:09:56 add integration tests
2025-11-15 05:36:42 clean project structure
2025-04-26 00:23:33 update constants
2025-09-22 12:19:37 update schema migration
2025-07-23 03:49:39 update feature
2025-12-23 18:58:13 add fallback
2025-01-29 08:18:40 remove deprecated code
2025-12-08 21:25:52 add example file
2025-12-17 22:16:22 improve logging format
2025-01-12 22:12:06 improve logging format
2025-03-31 01:01:24 hotfix applied
2025-11-16 14:58:22 update README
2025-05-02 06:52:57 refactor code
2025-08-29 16:43:17 patch vulnerability
